<?xml version="1.0" encoding="UTF-8"?>
<!-- Generated by org.testng.reporters.JUnitXMLReporter -->
<testsuite ignored="0" hostname="LAPTOP-83G8IR29" failures="1" tests="3" name="ErrorValidationTest" time="38.363" errors="0" timestamp="2024-07-24T23:11:31 IST">
  <testcase classname="ManuAcademy.ErrorValidation" name="ProductErrorValidation" time="6.645"/>
  <testcase classname="ManuAcademy.ErrorValidation" name="incorrectLogin" time="1.615">
    <skipped/>
  </testcase> <!-- incorrectLogin -->
  <testcase classname="ManuAcademy.ErrorValidation" name="incorrectLogin" time="0.526">
    <failure type="java.lang.AssertionError" message="expected [Incorrect email  password.] but found [Incorrect email or password.]">
      <![CDATA[java.lang.AssertionError: expected [Incorrect email  password.] but found [Incorrect email or password.]
at ManuAcademy.ErrorValidation.incorrectLogin(ErrorValidation.java:20)
at java.base/java.util.ArrayList.forEach(ArrayList.java:1511)
at java.base/java.util.concurrent.FutureTask.run(FutureTask.java:264)
at java.base/java.util.concurrent.ThreadPoolExecutor.runWorker(ThreadPoolExecutor.java:1136)
at java.base/java.util.concurrent.ThreadPoolExecutor$Worker.run(ThreadPoolExecutor.java:635)
at java.base/java.lang.Thread.run(Thread.java:840)
... Removed 23 stack frames]]>
    </failure>
  </testcase> <!-- incorrectLogin -->
</testsuite> <!-- ErrorValidationTest -->
