<?xml version="1.0" encoding="UTF-8"?>
<!-- Generated by org.testng.reporters.JUnitXMLReporter -->
<testsuite ignored="0" hostname="LAPTOP-83G8IR29" failures="0" tests="3" name="submitCartTest" time="45.181" errors="0" timestamp="2024-07-24T23:11:37 IST">
  <testcase classname="ManuAcademy.StandAloneTestFormated" name="SubmitOrder" time="12.703"/>
  <testcase classname="ManuAcademy.StandAloneTestFormated" name="SubmitOrder" time="7.724"/>
  <testcase classname="ManuAcademy.StandAloneTestFormated" name="verifyOrderPresent" time="0.844"/>
</testsuite> <!-- submitCartTest -->
