<?xml version="1.0" encoding="UTF-8"?>
<!-- Generated by org.testng.reporters.JUnitXMLReporter -->
<testsuite ignored="2" hostname="LAPTOP-83G8IR29" failures="0" tests="0" time="0.015" errors="0" timestamp="2024-07-24T23:23:22 IST">
  <testcase classname="ManuAcademy.ErrorValidation" name="ProductErrorValidation" time="0.0">
    <ignored/>
  </testcase> <!-- ProductErrorValidation -->
  <testcase classname="ManuAcademy.ErrorValidation" name="incorrectLogin" time="0.0">
    <ignored/>
  </testcase> <!-- incorrectLogin -->
</testsuite>
